> Task :compileJava FAILED

FAILURE: Build failed with an exception.

* What went wrong:
Execution failed for task ':compileJava'.
> java.io.IOException: Unable to delete directory 'C:\Users\lenin\OneDrive\Documentos\IS2\final\ProyectoFinalIS2\backend\build\classes\java\main'
    Failed to delete some children. This might happen because a process has files open or has its working directory set in the target directory.
    - C:\Users\lenin\OneDrive\Documentos\IS2\final\ProyectoFinalIS2\backend\build\classes\java\main\com\app\config\filter
    - C:\Users\lenin\OneDrive\Documentos\IS2\final\ProyectoFinalIS2\backend\build\classes\java\main\com\app\config
    - C:\Users\lenin\OneDrive\Documentos\IS2\final\ProyectoFinalIS2\backend\build\classes\java\main\com\app\controller\dto\response
    - C:\Users\lenin\OneDrive\Documentos\IS2\final\ProyectoFinalIS2\backend\build\classes\java\main\com\app\controller\dto
    - C:\Users\lenin\OneDrive\Documentos\IS2\final\ProyectoFinalIS2\backend\build\classes\java\main\com\app\controller
    - C:\Users\lenin\OneDrive\Documentos\IS2\final\ProyectoFinalIS2\backend\build\classes\java\main\com\app\domain\post
    - C:\Users\lenin\OneDrive\Documentos\IS2\final\ProyectoFinalIS2\backend\build\classes\java\main\com\app\domain\user
    - C:\Users\lenin\OneDrive\Documentos\IS2\final\ProyectoFinalIS2\backend\build\classes\java\main\com\app\domain
    - C:\Users\lenin\OneDrive\Documentos\IS2\final\ProyectoFinalIS2\backend\build\classes\java\main\com\app\exceptions
    - C:\Users\lenin\OneDrive\Documentos\IS2\final\ProyectoFinalIS2\backend\build\classes\java\main\com\app\repositories
    - C:\Users\lenin\OneDrive\Documentos\IS2\final\ProyectoFinalIS2\backend\build\classes\java\main\com\app\resources
    - C:\Users\lenin\OneDrive\Documentos\IS2\final\ProyectoFinalIS2\backend\build\classes\java\main\com\app\services\implementations
    - C:\Users\lenin\OneDrive\Documentos\IS2\final\ProyectoFinalIS2\backend\build\classes\java\main\com\app\services\interfaces
    - C:\Users\lenin\OneDrive\Documentos\IS2\final\ProyectoFinalIS2\backend\build\classes\java\main\com\app\services
    - C:\Users\lenin\OneDrive\Documentos\IS2\final\ProyectoFinalIS2\backend\build\classes\java\main\com\app
    - C:\Users\lenin\OneDrive\Documentos\IS2\final\ProyectoFinalIS2\backend\build\classes\java\main\com
    - and more ...

* Try:
> Run with --stacktrace option to get the stack trace.
> Run with --info or --debug option to get more log output.
> Run with --scan to get full insights.
> Get more help at https://help.gradle.org.

BUILD FAILED in 8s
1 actionable task: 1 executed
